2024-12-03 16:40:50,001 - INFO - Target table equity_prices_1d created or verified in PostgreSQL.
2024-12-03 16:41:00,375 - INFO - Inserted 100000 rows starting at offset 0. Total rows transferred: 100000
2024-12-03 16:41:10,478 - INFO - Inserted 100000 rows starting at offset 100000. Total rows transferred: 200000
2024-12-03 16:41:29,661 - INFO - Inserted 100000 rows starting at offset 200000. Total rows transferred: 300000
2024-12-03 16:41:43,263 - INFO - Inserted 100000 rows starting at offset 300000. Total rows transferred: 400000
2024-12-03 16:41:55,209 - INFO - Inserted 100000 rows starting at offset 400000. Total rows transferred: 500000
2024-12-03 16:42:03,726 - INFO - Inserted 100000 rows starting at offset 500000. Total rows transferred: 600000
2024-12-03 16:42:13,328 - INFO - Inserted 100000 rows starting at offset 600000. Total rows transferred: 700000
2024-12-03 16:42:22,339 - INFO - Inserted 100000 rows starting at offset 700000. Total rows transferred: 800000
2024-12-03 16:42:30,871 - INFO - Inserted 100000 rows starting at offset 800000. Total rows transferred: 900000
2024-12-03 16:42:38,779 - INFO - Inserted 100000 rows starting at offset 900000. Total rows transferred: 1000000
2024-12-03 16:42:46,713 - INFO - Inserted 100000 rows starting at offset 1000000. Total rows transferred: 1100000
2024-12-03 16:42:54,698 - INFO - Inserted 100000 rows starting at offset 1100000. Total rows transferred: 1200000
2024-12-03 16:43:02,717 - INFO - Inserted 100000 rows starting at offset 1200000. Total rows transferred: 1300000
2024-12-03 16:43:11,329 - INFO - Inserted 100000 rows starting at offset 1300000. Total rows transferred: 1400000
2024-12-03 16:43:19,388 - INFO - Inserted 100000 rows starting at offset 1400000. Total rows transferred: 1500000
2024-12-03 16:43:27,729 - INFO - Inserted 100000 rows starting at offset 1500000. Total rows transferred: 1600000
2024-12-03 16:43:35,827 - INFO - Inserted 100000 rows starting at offset 1600000. Total rows transferred: 1700000
2024-12-03 16:43:43,823 - INFO - Inserted 100000 rows starting at offset 1700000. Total rows transferred: 1800000
2024-12-03 16:43:51,891 - INFO - Inserted 100000 rows starting at offset 1800000. Total rows transferred: 1900000
2024-12-03 16:43:59,968 - INFO - Inserted 100000 rows starting at offset 1900000. Total rows transferred: 2000000
2024-12-03 16:44:08,637 - INFO - Inserted 100000 rows starting at offset 2000000. Total rows transferred: 2100000
2024-12-03 16:44:17,536 - INFO - Inserted 100000 rows starting at offset 2100000. Total rows transferred: 2200000
2024-12-03 16:44:25,921 - INFO - Inserted 100000 rows starting at offset 2200000. Total rows transferred: 2300000
2024-12-03 16:44:33,925 - INFO - Inserted 100000 rows starting at offset 2300000. Total rows transferred: 2400000
2024-12-03 16:44:41,826 - INFO - Inserted 100000 rows starting at offset 2400000. Total rows transferred: 2500000
2024-12-03 16:44:49,871 - INFO - Inserted 100000 rows starting at offset 2500000. Total rows transferred: 2600000
2024-12-03 16:44:57,991 - INFO - Inserted 100000 rows starting at offset 2600000. Total rows transferred: 2700000
2024-12-03 16:45:06,017 - INFO - Inserted 100000 rows starting at offset 2700000. Total rows transferred: 2800000
2024-12-03 16:45:14,043 - INFO - Inserted 100000 rows starting at offset 2800000. Total rows transferred: 2900000
2024-12-03 16:45:22,498 - INFO - Inserted 100000 rows starting at offset 2900000. Total rows transferred: 3000000
2024-12-03 16:45:30,480 - INFO - Inserted 100000 rows starting at offset 3000000. Total rows transferred: 3100000
2024-12-03 16:45:38,475 - INFO - Inserted 100000 rows starting at offset 3100000. Total rows transferred: 3200000
2024-12-03 16:45:46,638 - INFO - Inserted 100000 rows starting at offset 3200000. Total rows transferred: 3300000
2024-12-03 16:45:54,648 - INFO - Inserted 100000 rows starting at offset 3300000. Total rows transferred: 3400000
2024-12-03 16:46:02,730 - INFO - Inserted 100000 rows starting at offset 3400000. Total rows transferred: 3500000
2024-12-03 16:46:10,745 - INFO - Inserted 100000 rows starting at offset 3500000. Total rows transferred: 3600000
2024-12-03 16:46:18,717 - INFO - Inserted 100000 rows starting at offset 3600000. Total rows transferred: 3700000
2024-12-03 16:46:26,737 - INFO - Inserted 100000 rows starting at offset 3700000. Total rows transferred: 3800000
2024-12-03 16:46:35,417 - INFO - Inserted 100000 rows starting at offset 3800000. Total rows transferred: 3900000
2024-12-03 16:46:43,467 - INFO - Inserted 100000 rows starting at offset 3900000. Total rows transferred: 4000000
2024-12-03 16:46:51,714 - INFO - Inserted 100000 rows starting at offset 4000000. Total rows transferred: 4100000
2024-12-03 16:46:59,710 - INFO - Inserted 100000 rows starting at offset 4100000. Total rows transferred: 4200000
2024-12-03 16:47:08,100 - INFO - Inserted 100000 rows starting at offset 4200000. Total rows transferred: 4300000
2024-12-03 16:47:16,091 - INFO - Inserted 100000 rows starting at offset 4300000. Total rows transferred: 4400000
2024-12-03 16:47:24,338 - INFO - Inserted 100000 rows starting at offset 4400000. Total rows transferred: 4500000
2024-12-03 16:47:32,954 - INFO - Inserted 100000 rows starting at offset 4500000. Total rows transferred: 4600000
2024-12-03 16:47:41,006 - INFO - Inserted 100000 rows starting at offset 4600000. Total rows transferred: 4700000
2024-12-03 16:47:49,020 - INFO - Inserted 100000 rows starting at offset 4700000. Total rows transferred: 4800000
2024-12-03 16:47:57,326 - INFO - Inserted 100000 rows starting at offset 4800000. Total rows transferred: 4900000
2024-12-03 16:48:05,421 - INFO - Inserted 100000 rows starting at offset 4900000. Total rows transferred: 5000000
2024-12-03 16:48:13,487 - INFO - Inserted 100000 rows starting at offset 5000000. Total rows transferred: 5100000
2024-12-03 16:48:21,978 - INFO - Inserted 100000 rows starting at offset 5100000. Total rows transferred: 5200000
2024-12-03 16:48:30,151 - INFO - Inserted 100000 rows starting at offset 5200000. Total rows transferred: 5300000
2024-12-03 16:48:38,086 - INFO - Inserted 100000 rows starting at offset 5300000. Total rows transferred: 5400000
2024-12-03 16:48:46,420 - INFO - Inserted 100000 rows starting at offset 5400000. Total rows transferred: 5500000
2024-12-03 16:48:54,564 - INFO - Inserted 100000 rows starting at offset 5500000. Total rows transferred: 5600000
2024-12-03 16:49:02,832 - INFO - Inserted 100000 rows starting at offset 5600000. Total rows transferred: 5700000
2024-12-03 16:49:12,501 - INFO - Inserted 100000 rows starting at offset 5700000. Total rows transferred: 5800000
2024-12-03 16:49:21,611 - INFO - Inserted 100000 rows starting at offset 5800000. Total rows transferred: 5900000
2024-12-03 16:49:30,877 - INFO - Inserted 100000 rows starting at offset 5900000. Total rows transferred: 6000000
2024-12-03 16:49:42,212 - INFO - Inserted 100000 rows starting at offset 6000000. Total rows transferred: 6100000
2024-12-03 16:49:52,145 - INFO - Inserted 100000 rows starting at offset 6100000. Total rows transferred: 6200000
2024-12-03 16:50:04,962 - INFO - Inserted 100000 rows starting at offset 6200000. Total rows transferred: 6300000
2024-12-03 16:50:14,719 - INFO - Inserted 100000 rows starting at offset 6300000. Total rows transferred: 6400000
2024-12-03 16:50:23,849 - INFO - Inserted 100000 rows starting at offset 6400000. Total rows transferred: 6500000
2024-12-03 16:50:33,400 - INFO - Inserted 100000 rows starting at offset 6500000. Total rows transferred: 6600000
2024-12-03 16:50:42,767 - INFO - Inserted 100000 rows starting at offset 6600000. Total rows transferred: 6700000
2024-12-03 16:50:53,741 - INFO - Inserted 100000 rows starting at offset 6700000. Total rows transferred: 6800000
2024-12-03 16:51:04,068 - INFO - Inserted 100000 rows starting at offset 6800000. Total rows transferred: 6900000
2024-12-03 16:51:13,765 - INFO - Inserted 100000 rows starting at offset 6900000. Total rows transferred: 7000000
2024-12-03 16:51:24,830 - INFO - Inserted 100000 rows starting at offset 7000000. Total rows transferred: 7100000
2024-12-03 16:51:34,840 - INFO - Inserted 100000 rows starting at offset 7100000. Total rows transferred: 7200000
2024-12-03 16:51:44,871 - INFO - Inserted 100000 rows starting at offset 7200000. Total rows transferred: 7300000
2024-12-03 16:51:54,695 - INFO - Inserted 100000 rows starting at offset 7300000. Total rows transferred: 7400000
2024-12-03 16:52:04,762 - INFO - Inserted 100000 rows starting at offset 7400000. Total rows transferred: 7500000
2024-12-03 16:52:14,891 - INFO - Inserted 100000 rows starting at offset 7500000. Total rows transferred: 7600000
2024-12-03 16:52:25,993 - INFO - Inserted 100000 rows starting at offset 7600000. Total rows transferred: 7700000
2024-12-03 16:52:37,443 - INFO - Inserted 100000 rows starting at offset 7700000. Total rows transferred: 7800000
2024-12-03 16:52:48,612 - INFO - Inserted 100000 rows starting at offset 7800000. Total rows transferred: 7900000
2024-12-03 16:52:59,561 - INFO - Inserted 100000 rows starting at offset 7900000. Total rows transferred: 8000000
2024-12-03 16:53:11,847 - INFO - Inserted 100000 rows starting at offset 8000000. Total rows transferred: 8100000
2024-12-03 16:53:22,594 - INFO - Inserted 100000 rows starting at offset 8100000. Total rows transferred: 8200000
2024-12-03 16:53:36,718 - INFO - Inserted 100000 rows starting at offset 8200000. Total rows transferred: 8300000
2024-12-03 16:53:48,140 - INFO - Inserted 100000 rows starting at offset 8300000. Total rows transferred: 8400000
2024-12-03 16:53:57,861 - INFO - Inserted 100000 rows starting at offset 8400000. Total rows transferred: 8500000
2024-12-03 16:54:07,719 - INFO - Inserted 100000 rows starting at offset 8500000. Total rows transferred: 8600000
2024-12-03 16:54:17,778 - INFO - Inserted 100000 rows starting at offset 8600000. Total rows transferred: 8700000
2024-12-03 16:54:27,811 - INFO - Inserted 100000 rows starting at offset 8700000. Total rows transferred: 8800000
2024-12-03 16:54:38,009 - INFO - Inserted 100000 rows starting at offset 8800000. Total rows transferred: 8900000
2024-12-03 16:54:50,004 - INFO - Inserted 100000 rows starting at offset 8900000. Total rows transferred: 9000000
2024-12-03 16:55:01,256 - INFO - Inserted 100000 rows starting at offset 9000000. Total rows transferred: 9100000
2024-12-03 16:55:12,598 - INFO - Inserted 100000 rows starting at offset 9100000. Total rows transferred: 9200000
2024-12-03 16:55:23,494 - INFO - Inserted 100000 rows starting at offset 9200000. Total rows transferred: 9300000
2024-12-03 16:55:34,522 - INFO - Inserted 100000 rows starting at offset 9300000. Total rows transferred: 9400000
2024-12-03 16:55:46,710 - INFO - Inserted 100000 rows starting at offset 9400000. Total rows transferred: 9500000
2024-12-03 16:55:56,555 - INFO - Inserted 100000 rows starting at offset 9500000. Total rows transferred: 9600000
2024-12-03 16:56:06,643 - INFO - Inserted 100000 rows starting at offset 9600000. Total rows transferred: 9700000
2024-12-03 16:56:16,503 - INFO - Inserted 100000 rows starting at offset 9700000. Total rows transferred: 9800000
2024-12-03 16:56:26,479 - INFO - Inserted 100000 rows starting at offset 9800000. Total rows transferred: 9900000
2024-12-03 16:56:36,315 - INFO - Inserted 100000 rows starting at offset 9900000. Total rows transferred: 10000000
2024-12-03 16:56:39,158 - INFO - Inserted 27094 rows starting at offset 10000000. Total rows transferred: 10027094
2024-12-03 16:56:39,353 - INFO - No more data to transfer. Ending process.
2024-12-03 16:56:40,038 - INFO - Rows in ClickHouse: 10027094, Rows in PostgreSQL: 10027094
2024-12-03 16:56:40,038 - INFO - Data transfer completed successfully. All rows match.
2024-12-03 16:56:40,038 - INFO - Connections closed. Process finished.
